CMake Deprecation Warning at CMakeLists.txt:1 (cmake_minimum_required):
  Compatibility with CMake < 3.10 will be removed from a future version of
  CMake.

  Update the VERSION argument <min> value.  Or, use the <min>...<max> syntax
  to tell CMake that the project requires at least <min> but has been updated
  to work with policies introduced by <max> or earlier.


-- The C compiler identification is AppleClang 16.0.0.16000026
-- The CXX compiler identification is AppleClang 16.0.0.16000026
-- Detecting C compiler ABI info
-- Detecting C compiler ABI info - done
-- Check for working C compiler: /Applications/Xcode.app/Contents/Developer/Toolchains/XcodeDefault.xctoolchain/usr/bin/cc - skipped
-- Detecting C compile features
-- Detecting C compile features - done
-- Detecting CXX compiler ABI info
-- Detecting CXX compiler ABI info - done
-- Check for working CXX compiler: /Applications/Xcode.app/Contents/Developer/Toolchains/XcodeDefault.xctoolchain/usr/bin/c++ - skipped
-- Detecting CXX compile features
-- Detecting CXX compile features - done
-- Found ament_cmake: 2.5.0 (/Users/aliabdelhamid/ros2_jazzy/install/ament_cmake/share/ament_cmake/cmake)
-- Found Python3: /Users/aliabdelhamid/.ros2_venv/bin/python3 (found version "3.11.10") found components: Interpreter
-- Found rclcpp: 28.1.2 (/Users/aliabdelhamid/ros2_jazzy/install/rclcpp/share/rclcpp/cmake)
-- Found rosidl_generator_c: 4.6.2 (/Users/aliabdelhamid/ros2_jazzy/install/rosidl_generator_c/share/rosidl_generator_c/cmake)
-- Found rosidl_generator_cpp: 4.6.2 (/Users/aliabdelhamid/ros2_jazzy/install/rosidl_generator_cpp/share/rosidl_generator_cpp/cmake)
-- Using all available rosidl_typesupport_c: rosidl_typesupport_introspection_c;rosidl_typesupport_fastrtps_c
-- Using all available rosidl_typesupport_cpp: rosidl_typesupport_introspection_cpp;rosidl_typesupport_fastrtps_cpp
-- Found rmw_implementation_cmake: 7.3.1 (/Users/aliabdelhamid/ros2_jazzy/install/rmw_implementation_cmake/share/rmw_implementation_cmake/cmake)
-- Found rmw_fastrtps_cpp: 8.4.0 (/Users/aliabdelhamid/ros2_jazzy/install/rmw_fastrtps_cpp/share/rmw_fastrtps_cpp/cmake)
-- Found OpenSSL: /opt/homebrew/Cellar/openssl@3/3.4.0/lib/libcrypto.dylib (found version "3.4.0")
-- Found FastRTPS: /Users/aliabdelhamid/ros2_jazzy/install/fastrtps/include (Required is at least version "2.13")
-- Using RMW implementation 'rmw_fastrtps_cpp' as default
-- Found geometry_msgs: 5.3.5 (/Users/aliabdelhamid/ros2_jazzy/install/geometry_msgs/share/geometry_msgs/cmake)
-- Found ament_lint_auto: 0.17.0 (/Users/aliabdelhamid/ros2_jazzy/install/ament_lint_auto/share/ament_lint_auto/cmake)
-- Added test 'copyright' to check source files copyright and LICENSE
-- Added test 'flake8' to check Python code syntax and style conventions
-- Configured 'flake8' exclude dirs and/or files: 
-- Added test 'lint_cmake' to check CMake code style
-- Added test 'pep257' to check Python code against some of the docstring style conventions in PEP 257
-- Added test 'xmllint' to check XML markup files
-- Configuring done (10.3s)
-- Generating done (0.0s)
-- Build files have been written to: /Users/aliabdelhamid/Programación/Gazebo_projects/robot_mania/build/velocity_pub
