[0.217s] Invoking command in '/Users/aliabdelhamid/Programación/Gazebo_projects/robot_mania/build/fws_robot_description': CMAKE_PREFIX_PATH=${CMAKE_PREFIX_PATH}:/Users/aliabdelhamid/ros2_jazzy/install/rosbag2_examples_py:/Users/aliabdelhamid/ros2_jazzy/install/launch_testing_examples:/Users/aliabdelhamid/ros2_jazzy/install/ros2bag:/Users/aliabdelhamid/ros2_jazzy/install/tracetools_test:/Users/aliabdelhamid/ros2_jazzy/install/tracetools_launch:/Users/aliabdelhamid/ros2_jazzy/install/topic_monitor:/Users/aliabdelhamid/ros2_jazzy/install/tf2_tools:/Users/aliabdelhamid/ros2_jazzy/install/examples_tf2_py:/Users/aliabdelhamid/ros2_jazzy/install/tf2_ros_py:/Users/aliabdelhamid/ros2_jazzy/install/examples_rclpy_pointcloud_publisher:/Users/aliabdelhamid/ros2_jazzy/install/sensor_msgs_py:/Users/aliabdelhamid/ros2_jazzy/install/quality_of_service_demo_py:/Users/aliabdelhamid/ros2_jazzy/install/ros2doctor:/Users/aliabdelhamid/ros2_jazzy/install/lifecycle_py:/Users/aliabdelhamid/ros2_jazzy/install/examples_rclpy_minimal_subscriber:/Users/aliabdelhamid/ros2_jazzy/install/examples_rclpy_minimal_service:/Users/aliabdelhamid/ros2_jazzy/install/examples_rclpy_minimal_publisher:/Users/aliabdelhamid/ros2_jazzy/install/examples_rclpy_minimal_client:/Users/aliabdelhamid/ros2_jazzy/install/examples_rclpy_executors:/Users/aliabdelhamid/ros2_jazzy/install/demo_nodes_py:/Users/aliabdelhamid/ros2_jazzy/install/ros2component:/Users/aliabdelhamid/ros2_jazzy/install/sros2:/Users/aliabdelhamid/ros2_jazzy/install/ros2trace:/Users/aliabdelhamid/ros2_jazzy/install/ros2topic:/Users/aliabdelhamid/ros2_jazzy/install/ros2test:/Users/aliabdelhamid/ros2_jazzy/install/ros2param:/Users/aliabdelhamid/ros2_jazzy/install/ros2lifecycle:/Users/aliabdelhamid/ros2_jazzy/install/ros2service:/Users/aliabdelhamid/ros2_jazzy/install/ros2run:/Users/aliabdelhamid/ros2_jazzy/install/ros2launch:/Users/aliabdelhamid/ros2_jazzy/install/ros2pkg:/Users/aliabdelhamid/ros2_jazzy/install/ros2node:/Users/aliabdelhamid/ros2_jazzy/install/ros2multicast:/Users/aliabdelhamid/ros2_jazzy/install/ros2interface:/Users/aliabdelhamid/ros2_jazzy/install/ros2action:/Users/aliabdelhamid/ros2_jazzy/install/ros2cli:/Users/aliabdelhamid/ros2_jazzy/install/launch_testing_ros:/Users/aliabdelhamid/ros2_jazzy/install/launch_ros:/Users/aliabdelhamid/ros2_jazzy/install/examples_rclpy_minimal_action_server:/Users/aliabdelhamid/ros2_jazzy/install/examples_rclpy_minimal_action_client:/Users/aliabdelhamid/ros2_jazzy/install/examples_rclpy_guard_conditions:/Users/aliabdelhamid/ros2_jazzy/install/action_tutorials_py:/Users/aliabdelhamid/ros2_jazzy/install/ament_uncrustify:/Users/aliabdelhamid/ros2_jazzy/install/tracetools_trace:/Users/aliabdelhamid/ros2_jazzy/install/tracetools_read:/Users/aliabdelhamid/ros2_jazzy/install/test_tracetools_launch:/Users/aliabdelhamid/ros2_jazzy/install/test_ros2trace:/Users/aliabdelhamid/ros2_jazzy/install/test_launch_ros:/Users/aliabdelhamid/ros2_jazzy/install/rpyutils:/Users/aliabdelhamid/ros2_jazzy/install/rosidl_runtime_py:/Users/aliabdelhamid/ros2_jazzy/install/rosidl_pycommon:/Users/aliabdelhamid/ros2_jazzy/install/rosidl_cli:/Users/aliabdelhamid/ros2_jazzy/install/launch_pytest:/Users/aliabdelhamid/ros2_jazzy/install/launch_testing:/Users/aliabdelhamid/ros2_jazzy/install/launch_yaml:/Users/aliabdelhamid/ros2_jazzy/install/launch_xml:/Users/aliabdelhamid/ros2_jazzy/install/launch:/Users/aliabdelhamid/ros2_jazzy/install/osrf_pycommon:/Users/aliabdelhamid/ros2_jazzy/install/domain_coordinator:/Users/aliabdelhamid/ros2_jazzy/install/ament_xmllint:/Users/aliabdelhamid/ros2_jazzy/install/ament_pyflakes:/Users/aliabdelhamid/ros2_jazzy/install/ament_pycodestyle:/Users/aliabdelhamid/ros2_jazzy/install/ament_pep257:/Users/aliabdelhamid/ros2_jazzy/install/ament_pclint:/Users/aliabdelhamid/ros2_jazzy/install/ament_package:/Users/aliabdelhamid/ros2_jazzy/install/ament_mypy:/Users/aliabdelhamid/ros2_jazzy/install/ament_lint_cmake:/Users/aliabdelhamid/ros2_jazzy/install/ament_flake8:/Users/aliabdelhamid/ros2_jazzy/install/ament_copyright:/Users/aliabdelhamid/ros2_jazzy/install/ament_lint:/Users/aliabdelhamid/ros2_jazzy/install/ament_index_python:/Users/aliabdelhamid/ros2_jazzy/install/ament_cpplint:/Users/aliabdelhamid/ros2_jazzy/install/ament_cppcheck:/Users/aliabdelhamid/ros2_jazzy/install/ament_clang_tidy:/Users/aliabdelhamid/ros2_jazzy/install/ament_clang_format SHLVL=2 VIRTUAL_ENV_PROMPT=(.ros2_venv) _=/usr/bin/env /opt/homebrew/bin/cmake /Users/aliabdelhamid/Programación/Gazebo_projects/robot_mania/src/fws_robot_description -DCMAKE_INSTALL_PREFIX=/Users/aliabdelhamid/Programación/Gazebo_projects/robot_mania/install/fws_robot_description
[0.310s] CMake Deprecation Warning at CMakeLists.txt:1 (cmake_minimum_required):
[0.310s]   Compatibility with CMake < 3.10 will be removed from a future version of
[0.310s]   CMake.
[0.310s] 
[0.310s]   Update the VERSION argument <min> value.  Or, use the <min>...<max> syntax
[0.311s]   to tell CMake that the project requires at least <min> but has been updated
[0.311s]   to work with policies introduced by <max> or earlier.
[0.311s] 
[0.311s] 
[1.486s] -- The C compiler identification is AppleClang 16.0.0.16000026
[1.893s] -- The CXX compiler identification is AppleClang 16.0.0.16000026
[1.918s] -- Detecting C compiler ABI info
[3.256s] -- Detecting C compiler ABI info - done
[3.337s] -- Check for working C compiler: /Applications/Xcode.app/Contents/Developer/Toolchains/XcodeDefault.xctoolchain/usr/bin/cc - skipped
[3.338s] -- Detecting C compile features
[3.338s] -- Detecting C compile features - done
[3.343s] -- Detecting CXX compiler ABI info
[4.651s] -- Detecting CXX compiler ABI info - done
[4.731s] -- Check for working CXX compiler: /Applications/Xcode.app/Contents/Developer/Toolchains/XcodeDefault.xctoolchain/usr/bin/c++ - skipped
[4.731s] -- Detecting CXX compile features
[4.731s] -- Detecting CXX compile features - done
[4.821s] -- Found ament_cmake: 2.5.0 (/Users/aliabdelhamid/ros2_jazzy/install/ament_cmake/share/ament_cmake/cmake)
[6.118s] -- Found Python3: /Users/aliabdelhamid/.ros2_venv/bin/python3 (found version "3.11.10") found components: Interpreter
[7.452s] CMake Error at CMakeLists.txt:20 (find_package):
[7.452s]   By not providing "Findxacro.cmake" in CMAKE_MODULE_PATH this project has
[7.452s]   asked CMake to find a package configuration file provided by "xacro", but
[7.452s]   CMake did not find one.
[7.452s] 
[7.452s]   Could not find a package configuration file provided by "xacro" with any of
[7.452s]   the following names:
[7.452s] 
[7.452s]     xacroConfig.cmake
[7.452s]     xacro-config.cmake
[7.452s] 
[7.452s]   Add the installation prefix of "xacro" to CMAKE_PREFIX_PATH or set
[7.452s]   "xacro_DIR" to a directory containing one of the above files.  If "xacro"
[7.452s]   provides a separate development package or SDK, be sure it has been
[7.452s]   installed.
[7.452s] 
[7.452s] 
[7.453s] -- Configuring incomplete, errors occurred!
[7.455s] Invoked command in '/Users/aliabdelhamid/Programación/Gazebo_projects/robot_mania/build/fws_robot_description' returned '1': CMAKE_PREFIX_PATH=${CMAKE_PREFIX_PATH}:/Users/aliabdelhamid/ros2_jazzy/install/rosbag2_examples_py:/Users/aliabdelhamid/ros2_jazzy/install/launch_testing_examples:/Users/aliabdelhamid/ros2_jazzy/install/ros2bag:/Users/aliabdelhamid/ros2_jazzy/install/tracetools_test:/Users/aliabdelhamid/ros2_jazzy/install/tracetools_launch:/Users/aliabdelhamid/ros2_jazzy/install/topic_monitor:/Users/aliabdelhamid/ros2_jazzy/install/tf2_tools:/Users/aliabdelhamid/ros2_jazzy/install/examples_tf2_py:/Users/aliabdelhamid/ros2_jazzy/install/tf2_ros_py:/Users/aliabdelhamid/ros2_jazzy/install/examples_rclpy_pointcloud_publisher:/Users/aliabdelhamid/ros2_jazzy/install/sensor_msgs_py:/Users/aliabdelhamid/ros2_jazzy/install/quality_of_service_demo_py:/Users/aliabdelhamid/ros2_jazzy/install/ros2doctor:/Users/aliabdelhamid/ros2_jazzy/install/lifecycle_py:/Users/aliabdelhamid/ros2_jazzy/install/examples_rclpy_minimal_subscriber:/Users/aliabdelhamid/ros2_jazzy/install/examples_rclpy_minimal_service:/Users/aliabdelhamid/ros2_jazzy/install/examples_rclpy_minimal_publisher:/Users/aliabdelhamid/ros2_jazzy/install/examples_rclpy_minimal_client:/Users/aliabdelhamid/ros2_jazzy/install/examples_rclpy_executors:/Users/aliabdelhamid/ros2_jazzy/install/demo_nodes_py:/Users/aliabdelhamid/ros2_jazzy/install/ros2component:/Users/aliabdelhamid/ros2_jazzy/install/sros2:/Users/aliabdelhamid/ros2_jazzy/install/ros2trace:/Users/aliabdelhamid/ros2_jazzy/install/ros2topic:/Users/aliabdelhamid/ros2_jazzy/install/ros2test:/Users/aliabdelhamid/ros2_jazzy/install/ros2param:/Users/aliabdelhamid/ros2_jazzy/install/ros2lifecycle:/Users/aliabdelhamid/ros2_jazzy/install/ros2service:/Users/aliabdelhamid/ros2_jazzy/install/ros2run:/Users/aliabdelhamid/ros2_jazzy/install/ros2launch:/Users/aliabdelhamid/ros2_jazzy/install/ros2pkg:/Users/aliabdelhamid/ros2_jazzy/install/ros2node:/Users/aliabdelhamid/ros2_jazzy/install/ros2multicast:/Users/aliabdelhamid/ros2_jazzy/install/ros2interface:/Users/aliabdelhamid/ros2_jazzy/install/ros2action:/Users/aliabdelhamid/ros2_jazzy/install/ros2cli:/Users/aliabdelhamid/ros2_jazzy/install/launch_testing_ros:/Users/aliabdelhamid/ros2_jazzy/install/launch_ros:/Users/aliabdelhamid/ros2_jazzy/install/examples_rclpy_minimal_action_server:/Users/aliabdelhamid/ros2_jazzy/install/examples_rclpy_minimal_action_client:/Users/aliabdelhamid/ros2_jazzy/install/examples_rclpy_guard_conditions:/Users/aliabdelhamid/ros2_jazzy/install/action_tutorials_py:/Users/aliabdelhamid/ros2_jazzy/install/ament_uncrustify:/Users/aliabdelhamid/ros2_jazzy/install/tracetools_trace:/Users/aliabdelhamid/ros2_jazzy/install/tracetools_read:/Users/aliabdelhamid/ros2_jazzy/install/test_tracetools_launch:/Users/aliabdelhamid/ros2_jazzy/install/test_ros2trace:/Users/aliabdelhamid/ros2_jazzy/install/test_launch_ros:/Users/aliabdelhamid/ros2_jazzy/install/rpyutils:/Users/aliabdelhamid/ros2_jazzy/install/rosidl_runtime_py:/Users/aliabdelhamid/ros2_jazzy/install/rosidl_pycommon:/Users/aliabdelhamid/ros2_jazzy/install/rosidl_cli:/Users/aliabdelhamid/ros2_jazzy/install/launch_pytest:/Users/aliabdelhamid/ros2_jazzy/install/launch_testing:/Users/aliabdelhamid/ros2_jazzy/install/launch_yaml:/Users/aliabdelhamid/ros2_jazzy/install/launch_xml:/Users/aliabdelhamid/ros2_jazzy/install/launch:/Users/aliabdelhamid/ros2_jazzy/install/osrf_pycommon:/Users/aliabdelhamid/ros2_jazzy/install/domain_coordinator:/Users/aliabdelhamid/ros2_jazzy/install/ament_xmllint:/Users/aliabdelhamid/ros2_jazzy/install/ament_pyflakes:/Users/aliabdelhamid/ros2_jazzy/install/ament_pycodestyle:/Users/aliabdelhamid/ros2_jazzy/install/ament_pep257:/Users/aliabdelhamid/ros2_jazzy/install/ament_pclint:/Users/aliabdelhamid/ros2_jazzy/install/ament_package:/Users/aliabdelhamid/ros2_jazzy/install/ament_mypy:/Users/aliabdelhamid/ros2_jazzy/install/ament_lint_cmake:/Users/aliabdelhamid/ros2_jazzy/install/ament_flake8:/Users/aliabdelhamid/ros2_jazzy/install/ament_copyright:/Users/aliabdelhamid/ros2_jazzy/install/ament_lint:/Users/aliabdelhamid/ros2_jazzy/install/ament_index_python:/Users/aliabdelhamid/ros2_jazzy/install/ament_cpplint:/Users/aliabdelhamid/ros2_jazzy/install/ament_cppcheck:/Users/aliabdelhamid/ros2_jazzy/install/ament_clang_tidy:/Users/aliabdelhamid/ros2_jazzy/install/ament_clang_format SHLVL=2 VIRTUAL_ENV_PROMPT=(.ros2_venv) _=/usr/bin/env /opt/homebrew/bin/cmake /Users/aliabdelhamid/Programación/Gazebo_projects/robot_mania/src/fws_robot_description -DCMAKE_INSTALL_PREFIX=/Users/aliabdelhamid/Programación/Gazebo_projects/robot_mania/install/fws_robot_description
