-- The C compiler identification is AppleClang 16.0.0.16000026
-- The CXX compiler identification is AppleClang 16.0.0.16000026
-- Detecting C compiler ABI info
-- Detecting C compiler ABI info - done
-- Check for working C compiler: /Applications/Xcode.app/Contents/Developer/Toolchains/XcodeDefault.xctoolchain/usr/bin/cc - skipped
-- Detecting C compile features
-- Detecting C compile features - done
-- Detecting CXX compiler ABI info
-- Detecting CXX compiler ABI info - done
-- Check for working CXX compiler: /Applications/Xcode.app/Contents/Developer/Toolchains/XcodeDefault.xctoolchain/usr/bin/c++ - skipped
-- Detecting CXX compile features
-- Detecting CXX compile features - done
-- Found ament_cmake: 2.5.0 (/Users/aliabdelhamid/ros2_jazzy/install/ament_cmake/share/ament_cmake/cmake)
-- Found Python3: /Users/aliabdelhamid/.ros2_venv/bin/python3 (found version "3.11.10") found components: Interpreter
-- Found rclcpp: 28.1.2 (/Users/aliabdelhamid/ros2_jazzy/install/rclcpp/share/rclcpp/cmake)
-- Found rosidl_generator_c: 4.6.2 (/Users/aliabdelhamid/ros2_jazzy/install/rosidl_generator_c/share/rosidl_generator_c/cmake)
-- Found rosidl_generator_cpp: 4.6.2 (/Users/aliabdelhamid/ros2_jazzy/install/rosidl_generator_cpp/share/rosidl_generator_cpp/cmake)
-- Using all available rosidl_typesupport_c: rosidl_typesupport_introspection_c;rosidl_typesupport_fastrtps_c
-- Using all available rosidl_typesupport_cpp: rosidl_typesupport_introspection_cpp;rosidl_typesupport_fastrtps_cpp
-- Found rmw_implementation_cmake: 7.3.1 (/Users/aliabdelhamid/ros2_jazzy/install/rmw_implementation_cmake/share/rmw_implementation_cmake/cmake)
-- Found rmw_fastrtps_cpp: 8.4.0 (/Users/aliabdelhamid/ros2_jazzy/install/rmw_fastrtps_cpp/share/rmw_fastrtps_cpp/cmake)
-- Found OpenSSL: /opt/homebrew/Cellar/openssl@3/3.4.0/lib/libcrypto.dylib (found version "3.4.0")
-- Found FastRTPS: /Users/aliabdelhamid/ros2_jazzy/install/fastrtps/include (Required is at least version "2.13")
-- Using RMW implementation 'rmw_fastrtps_cpp' as default
-- Found geometry_msgs: 5.3.5 (/Users/aliabdelhamid/ros2_jazzy/install/geometry_msgs/share/geometry_msgs/cmake)
-- Configuring done (5.8s)
-- Generating done (0.1s)
-- Build files have been written to: /Users/aliabdelhamid/Programación/Gazebo_projects/Mover_Robot/src/build/simulacion
[ 50%] Building CXX object CMakeFiles/robot_move_cpp.dir/ejemplos/robot_move_cpp.cpp.o
[100%] Linking CXX executable robot_move_cpp
[100%] Built target robot_move_cpp
-- Install configuration: ""
-- Installing: /Users/aliabdelhamid/Programación/Gazebo_projects/Mover_Robot/src/install/simulacion/share/simulacion//ejemplos
-- Installing: /Users/aliabdelhamid/Programación/Gazebo_projects/Mover_Robot/src/install/simulacion/share/simulacion//ejemplos/robot_move_cpp.cpp
-- Installing: /Users/aliabdelhamid/Programación/Gazebo_projects/Mover_Robot/src/install/simulacion/share/simulacion//launch
-- Installing: /Users/aliabdelhamid/Programación/Gazebo_projects/Mover_Robot/src/install/simulacion/share/simulacion//launch/robot_amarillo.launch.py
-- Installing: /Users/aliabdelhamid/Programación/Gazebo_projects/Mover_Robot/src/install/simulacion/share/simulacion//robots
-- Installing: /Users/aliabdelhamid/Programación/Gazebo_projects/Mover_Robot/src/install/simulacion/share/simulacion//robots/caja_amarilla
-- Installing: /Users/aliabdelhamid/Programación/Gazebo_projects/Mover_Robot/src/install/simulacion/share/simulacion//robots/caja_amarilla/robot_core.xacro
-- Installing: /Users/aliabdelhamid/Programación/Gazebo_projects/Mover_Robot/src/install/simulacion/share/simulacion//robots/caja_amarilla/robot.urdf.xacro
-- Installing: /Users/aliabdelhamid/Programación/Gazebo_projects/Mover_Robot/src/install/simulacion/share/simulacion//robots/caja_amarilla/inertial_macros.xacro
-- Installing: /Users/aliabdelhamid/Programación/Gazebo_projects/Mover_Robot/src/install/simulacion/share/simulacion//robots/.DS_Store
-- Installing: /Users/aliabdelhamid/Programación/Gazebo_projects/Mover_Robot/src/install/simulacion/lib/simulacion/robot_move_cpp
-- Installing: /Users/aliabdelhamid/Programación/Gazebo_projects/Mover_Robot/src/install/simulacion/lib/simulacion/robot_move.py
-- Installing: /Users/aliabdelhamid/Programación/Gazebo_projects/Mover_Robot/src/install/simulacion/share/ament_index/resource_index/package_run_dependencies/simulacion
-- Installing: /Users/aliabdelhamid/Programación/Gazebo_projects/Mover_Robot/src/install/simulacion/share/ament_index/resource_index/parent_prefix_path/simulacion
-- Installing: /Users/aliabdelhamid/Programación/Gazebo_projects/Mover_Robot/src/install/simulacion/share/simulacion/environment/ament_prefix_path.sh
-- Installing: /Users/aliabdelhamid/Programación/Gazebo_projects/Mover_Robot/src/install/simulacion/share/simulacion/environment/ament_prefix_path.dsv
-- Installing: /Users/aliabdelhamid/Programación/Gazebo_projects/Mover_Robot/src/install/simulacion/share/simulacion/environment/path.sh
-- Installing: /Users/aliabdelhamid/Programación/Gazebo_projects/Mover_Robot/src/install/simulacion/share/simulacion/environment/path.dsv
-- Installing: /Users/aliabdelhamid/Programación/Gazebo_projects/Mover_Robot/src/install/simulacion/share/simulacion/local_setup.bash
-- Installing: /Users/aliabdelhamid/Programación/Gazebo_projects/Mover_Robot/src/install/simulacion/share/simulacion/local_setup.sh
-- Installing: /Users/aliabdelhamid/Programación/Gazebo_projects/Mover_Robot/src/install/simulacion/share/simulacion/local_setup.zsh
-- Installing: /Users/aliabdelhamid/Programación/Gazebo_projects/Mover_Robot/src/install/simulacion/share/simulacion/local_setup.dsv
-- Installing: /Users/aliabdelhamid/Programación/Gazebo_projects/Mover_Robot/src/install/simulacion/share/simulacion/package.dsv
-- Installing: /Users/aliabdelhamid/Programación/Gazebo_projects/Mover_Robot/src/install/simulacion/share/ament_index/resource_index/packages/simulacion
-- Installing: /Users/aliabdelhamid/Programación/Gazebo_projects/Mover_Robot/src/install/simulacion/share/simulacion/cmake/simulacionConfig.cmake
-- Installing: /Users/aliabdelhamid/Programación/Gazebo_projects/Mover_Robot/src/install/simulacion/share/simulacion/cmake/simulacionConfig-version.cmake
-- Installing: /Users/aliabdelhamid/Programación/Gazebo_projects/Mover_Robot/src/install/simulacion/share/simulacion/package.xml
